
> lumina-ui@0.1.0 dev
> next dev

▲ Next.js 16.2.10 (Turbopack)
- Local:         http://localhost:3000
- Network:       http://192.168.5.9:3000
- Environments: .env.local
✓ Ready in 2.0s

 GET /login?email=demo%40lumina.bank&password=Dem01234%21 200 in 1085ms (next.js: 450ms, application-code: 635ms)
 GET /manifest.json 404 in 285ms (next.js: 96ms, application-code: 189ms)
 GET /login?email=demo%40lumina.bank&password=Dem01234%21 200 in 169ms (next.js: 9ms, application-code: 161ms)
 GET /manifest.json 404 in 114ms (next.js: 15ms, application-code: 99ms)
 GET /login 200 in 145ms (next.js: 7ms, application-code: 138ms)
 GET /manifest.json 404 in 165ms (next.js: 22ms, application-code: 143ms)
 GET /login 200 in 197ms (next.js: 9ms, application-code: 188ms)
 GET /manifest.json 404 in 93ms (next.js: 8ms, application-code: 85ms)
 GET /dashboard 200 in 122ms (next.js: 68ms, application-code: 53ms)
[browser] Detected `scroll-behavior: smooth` on the `<html>` element. To disable smooth scrolling during route transitions, add `data-scroll-behavior="smooth"` to your <html> element. Learn more: https://nextjs.org/docs/messages/missing-data-scroll-behavior
 GET /cards 200 in 120ms (next.js: 65ms, application-code: 56ms)
○ Compiling /cards/[id] ...
 GET /cards/c59e2ac3-92a6-4b16-a8f1-7ccbb8de7424 200 in 4.7s (next.js: 4.6s, application-code: 110ms)
✓ Compiled in 1483ms
 GET /cards/c59e2ac3-92a6-4b16-a8f1-7ccbb8de7424 200 in 298ms (next.js: 210ms, application-code: 88ms)
 GET /cards 200 in 60ms (next.js: 18ms, application-code: 42ms)
 GET /dashboard 200 in 70ms (next.js: 20ms, application-code: 50ms)
 GET /dashboard 200 in 106ms (next.js: 6ms, application-code: 100ms)
 GET /mortgage 200 in 2.2s (next.js: 2.2s, application-code: 50ms)
 GET /mortgage 200 in 64ms (next.js: 13ms, application-code: 51ms)
 GET /login 200 in 505ms (next.js: 31ms, application-code: 474ms)
 GET /manifest.json 404 in 96ms (next.js: 27ms, application-code: 69ms)
 GET /dashboard 200 in 52ms (next.js: 7ms, application-code: 45ms)
[browser] Detected `scroll-behavior: smooth` on the `<html>` element. To disable smooth scrolling during route transitions, add `data-scroll-behavior="smooth"` to your <html> element. Learn more: https://nextjs.org/docs/messages/missing-data-scroll-behavior
 GET /mortgage 200 in 60ms (next.js: 7ms, application-code: 53ms)
 GET /mortgage 200 in 87ms (next.js: 4ms, application-code: 82ms)
 GET /loans 200 in 2.2s (next.js: 2.2s, application-code: 58ms)
 GET /loans 200 in 58ms (next.js: 6ms, application-code: 52ms)
 GET /dashboard 200 in 83ms (next.js: 5ms, application-code: 77ms)
 GET /dashboard 200 in 49ms (next.js: 4ms, application-code: 45ms)
 GET /notifications 200 in 1222ms (next.js: 1187ms, application-code: 34ms)
 GET /notifications 200 in 95ms (next.js: 4ms, application-code: 91ms)
 GET /dashboard 200 in 29ms (next.js: 4ms, application-code: 25ms)
 GET /dashboard 200 in 42ms (next.js: 6ms, application-code: 36ms)
 GET /loans 200 in 140ms (next.js: 4ms, application-code: 136ms)
 GET /loans 200 in 95ms (next.js: 7ms, application-code: 87ms)
 GET /dashboard 200 in 33ms (next.js: 4ms, application-code: 29ms)
 GET /dashboard 200 in 39ms (next.js: 3ms, application-code: 35ms)
✓ Compiled in 1159ms
 GET /dashboard 200 in 454ms (next.js: 191ms, application-code: 263ms)
 GET /dashboard 200 in 166ms (next.js: 7ms, application-code: 159ms)
 GET /dashboard 200 in 166ms (next.js: 80ms, application-code: 86ms)
✓ Compiled in 707ms
 GET /dashboard 200 in 288ms (next.js: 148ms, application-code: 140ms)
✓ Compiled in 1126ms
 GET /dashboard 200 in 317ms (next.js: 153ms, application-code: 164ms)
✓ Compiled in 1052ms
 GET /dashboard 200 in 306ms (next.js: 174ms, application-code: 132ms)
✓ Compiled in 923ms
 GET /dashboard 200 in 300ms (next.js: 135ms, application-code: 165ms)
 GET /loans 200 in 258ms (next.js: 177ms, application-code: 81ms)
 GET /loans 200 in 64ms (next.js: 5ms, application-code: 59ms)
✓ Compiled in 838ms
 GET /loans 200 in 258ms (next.js: 137ms, application-code: 121ms)
 GET /loans/apply 404 in 96ms (next.js: 35ms, application-code: 61ms)
 GET /loans/apply 404 in 312ms (next.js: 31ms, application-code: 281ms)
 GET /manifest.json 404 in 105ms (next.js: 10ms, application-code: 95ms)
 GET /mortgage 200 in 344ms (next.js: 212ms, application-code: 132ms)
 GET /mortgage 200 in 71ms (next.js: 5ms, application-code: 66ms)
 GET /manifest.json 404 in 103ms (next.js: 11ms, application-code: 92ms)
 GET /mortgage/apply 404 in 40ms (next.js: 5ms, application-code: 35ms)
 GET /mortgage/apply 404 in 75ms (next.js: 7ms, application-code: 69ms)
 GET /manifest.json 404 in 62ms (next.js: 6ms, application-code: 56ms)
 GET /goals 200 in 1987ms (next.js: 1928ms, application-code: 58ms)
 GET /goals 200 in 93ms (next.js: 7ms, application-code: 86ms)
 GET /manifest.json 404 in 226ms (next.js: 37ms, application-code: 188ms)
 GET /notifications 200 in 181ms (next.js: 118ms, application-code: 63ms)
✓ Compiled in 1289ms
 GET /notifications 200 in 1571ms (next.js: 1082ms, application-code: 488ms)
 GET /notifications 200 in 1545ms (next.js: 1152ms, application-code: 394ms)
 GET /notifications 200 in 1544ms (next.js: 1307ms, application-code: 236ms)
 GET /notifications 200 in 1560ms (next.js: 1382ms, application-code: 178ms)
 GET /notifications 200 in 1547ms (next.js: 1224ms, application-code: 323ms)
 GET /notifications 200 in 1559ms (next.js: 1433ms, application-code: 126ms)
 GET /notifications 200 in 324ms (next.js: 9ms, application-code: 315ms)
 GET /notifications 200 in 326ms (next.js: 73ms, application-code: 253ms)
 GET /notifications 200 in 323ms (next.js: 120ms, application-code: 203ms)
 GET /notifications 200 in 325ms (next.js: 161ms, application-code: 164ms)
 GET /notifications 200 in 263ms (next.js: 140ms, application-code: 124ms)
 GET /notifications 200 in 263ms (next.js: 185ms, application-code: 78ms)
 GET /notifications 200 in 386ms (next.js: 4ms, application-code: 383ms)
 GET /notifications 200 in 344ms (next.js: 58ms, application-code: 285ms)
 GET /notifications 200 in 346ms (next.js: 10ms, application-code: 337ms)
 GET /notifications 200 in 346ms (next.js: 112ms, application-code: 234ms)
 GET /notifications 200 in 347ms (next.js: 169ms, application-code: 178ms)
 GET /notifications 200 in 347ms (next.js: 239ms, application-code: 108ms)
 GET /notifications 200 in 528ms (next.js: 11ms, application-code: 518ms)
 GET /notifications 200 in 535ms (next.js: 241ms, application-code: 294ms)
 GET /notifications 200 in 529ms (next.js: 143ms, application-code: 387ms)
 GET /notifications 200 in 539ms (next.js: 324ms, application-code: 215ms)
 GET /notifications 200 in 529ms (next.js: 385ms, application-code: 144ms)
 GET /notifications 200 in 90ms (next.js: 12ms, application-code: 78ms)
 GET /notifications 200 in 401ms (next.js: 9ms, application-code: 392ms)
 GET /notifications 200 in 404ms (next.js: 156ms, application-code: 248ms)
 GET /notifications 200 in 404ms (next.js: 81ms, application-code: 323ms)
 GET /notifications 200 in 401ms (next.js: 303ms, application-code: 98ms)
 GET /notifications 200 in 404ms (next.js: 233ms, application-code: 171ms)
 GET /notifications 200 in 176ms (next.js: 124ms, application-code: 52ms)
 GET /notifications 200 in 365ms (next.js: 7ms, application-code: 358ms)
 GET /notifications 200 in 365ms (next.js: 53ms, application-code: 312ms)
 GET /notifications 200 in 365ms (next.js: 115ms, application-code: 250ms)
 GET /notifications 200 in 194ms (next.js: 9ms, application-code: 185ms)
 GET /notifications 200 in 197ms (next.js: 77ms, application-code: 120ms)
 GET /notifications 200 in 193ms (next.js: 122ms, application-code: 72ms)
 GET /notifications 200 in 385ms (next.js: 8ms, application-code: 377ms)
 GET /notifications 200 in 383ms (next.js: 65ms, application-code: 318ms)
 GET /notifications 200 in 329ms (next.js: 68ms, application-code: 262ms)
 GET /notifications 200 in 329ms (next.js: 122ms, application-code: 208ms)
 GET /notifications 200 in 329ms (next.js: 182ms, application-code: 147ms)
 GET /notifications 200 in 270ms (next.js: 187ms, application-code: 82ms)
 GET /notifications 200 in 452ms (next.js: 9ms, application-code: 444ms)
 GET /notifications 200 in 455ms (next.js: 140ms, application-code: 314ms)
 GET /notifications 200 in 453ms (next.js: 210ms, application-code: 243ms)
 GET /notifications 200 in 458ms (next.js: 73ms, application-code: 385ms)
 GET /notifications 200 in 455ms (next.js: 274ms, application-code: 180ms)
 GET /notifications 200 in 457ms (next.js: 351ms, application-code: 106ms)
 GET /notifications 200 in 391ms (next.js: 10ms, application-code: 381ms)
 GET /notifications 200 in 391ms (next.js: 88ms, application-code: 303ms)
 GET /notifications 200 in 391ms (next.js: 157ms, application-code: 234ms)
 GET /notifications 200 in 391ms (next.js: 237ms, application-code: 154ms)
 GET /notifications 200 in 392ms (next.js: 313ms, application-code: 79ms)
 GET /goals 200 in 103ms (next.js: 15ms, application-code: 88ms)
 GET /goals 200 in 50ms (next.js: 6ms, application-code: 45ms)
 GET /dashboard 200 in 59ms (next.js: 19ms, application-code: 40ms)
 GET /transactions 200 in 83ms (next.js: 50ms, application-code: 33ms)
✓ Compiled in 1139ms
 GET /transactions 200 in 624ms (next.js: 149ms, application-code: 475ms)
 GET /transactions 200 in 625ms (next.js: 250ms, application-code: 375ms)
 GET /transactions 200 in 619ms (next.js: 344ms, application-code: 275ms)
 GET /transactions 200 in 626ms (next.js: 293ms, application-code: 333ms)
 GET /transactions 200 in 621ms (next.js: 403ms, application-code: 218ms)
 GET /transactions 200 in 621ms (next.js: 462ms, application-code: 159ms)
 GET /transactions 200 in 355ms (next.js: 9ms, application-code: 345ms)
 GET /transactions 200 in 285ms (next.js: 7ms, application-code: 278ms)
 GET /transactions 200 in 285ms (next.js: 59ms, application-code: 225ms)
 GET /transactions 200 in 286ms (next.js: 101ms, application-code: 184ms)
 GET /transactions 200 in 286ms (next.js: 152ms, application-code: 134ms)
 GET /transactions 200 in 286ms (next.js: 214ms, application-code: 73ms)
 GET /transactions 200 in 532ms (next.js: 9ms, application-code: 522ms)
 GET /transactions 200 in 442ms (next.js: 11ms, application-code: 431ms)
 GET /transactions 200 in 442ms (next.js: 64ms, application-code: 378ms)
 GET /transactions 200 in 441ms (next.js: 125ms, application-code: 315ms)
 GET /transactions 200 in 441ms (next.js: 199ms, application-code: 242ms)
 GET /transactions 200 in 254ms (next.js: 120ms, application-code: 134ms)
 GET /transactions 200 in 356ms (next.js: 18ms, application-code: 338ms)
 GET /transactions 200 in 354ms (next.js: 82ms, application-code: 271ms)
 GET /transactions 200 in 347ms (next.js: 136ms, application-code: 211ms)
 GET /transactions 200 in 169ms (next.js: 9ms, application-code: 161ms)
 GET /transactions 200 in 169ms (next.js: 53ms, application-code: 116ms)
 GET /transactions 200 in 81ms (next.js: 15ms, application-code: 66ms)
 GET /transactions 200 in 448ms (next.js: 7ms, application-code: 441ms)
 GET /transactions 200 in 392ms (next.js: 9ms, application-code: 383ms)
 GET /transactions 200 in 397ms (next.js: 61ms, application-code: 336ms)
 GET /transactions 200 in 396ms (next.js: 208ms, application-code: 188ms)
 GET /transactions 200 in 398ms (next.js: 126ms, application-code: 271ms)
 GET /transactions 200 in 286ms (next.js: 151ms, application-code: 135ms)
 GET /transactions 200 in 359ms (next.js: 11ms, application-code: 348ms)
 GET /transactions 200 in 359ms (next.js: 62ms, application-code: 297ms)
 GET /transactions 200 in 263ms (next.js: 10ms, application-code: 253ms)
 GET /transactions 200 in 204ms (next.js: 80ms, application-code: 124ms)
 GET /transactions 200 in 199ms (next.js: 130ms, application-code: 69ms)
 GET /transactions 200 in 204ms (next.js: 15ms, application-code: 189ms)
 GET /transactions 200 in 398ms (next.js: 60ms, application-code: 339ms)
 GET /transactions 200 in 402ms (next.js: 8ms, application-code: 393ms)
 GET /transactions 200 in 407ms (next.js: 207ms, application-code: 200ms)
 GET /transactions 200 in 400ms (next.js: 121ms, application-code: 279ms)
 GET /transactions 200 in 410ms (next.js: 274ms, application-code: 136ms)
 GET /transactions 200 in 408ms (next.js: 325ms, application-code: 83ms)
 GET /transactions 200 in 445ms (next.js: 11ms, application-code: 434ms)
 GET /transactions 200 in 446ms (next.js: 82ms, application-code: 364ms)
 GET /transactions 200 in 447ms (next.js: 171ms, application-code: 276ms)
 GET /transactions 200 in 208ms (next.js: 15ms, application-code: 193ms)
 GET /transactions 200 in 210ms (next.js: 64ms, application-code: 146ms)
 GET /transactions 200 in 219ms (next.js: 117ms, application-code: 102ms)
 GET /transactions 200 in 366ms (next.js: 8ms, application-code: 358ms)
 GET /transactions 200 in 365ms (next.js: 59ms, application-code: 306ms)
 GET /transactions 200 in 315ms (next.js: 62ms, application-code: 253ms)
 GET /transactions 200 in 260ms (next.js: 77ms, application-code: 183ms)
 GET /transactions 200 in 260ms (next.js: 132ms, application-code: 128ms)
 GET /transactions 200 in 137ms (next.js: 66ms, application-code: 71ms)
 GET /transactions 200 in 67ms (next.js: 5ms, application-code: 61ms)
 GET /transfer 200 in 2.9s (next.js: 2.8s, application-code: 100ms)
 GET /transfer 200 in 80ms (next.js: 9ms, application-code: 71ms)
 GET /dashboard 200 in 52ms (next.js: 21ms, application-code: 31ms)
 GET /dashboard 200 in 470ms (next.js: 5ms, application-code: 465ms)
 GET /manifest.json 404 in 94ms (next.js: 22ms, application-code: 72ms)
 GET /transactions/3b8e791f-58a7-453b-8d92-9521530262a6 200 in 3.3s (next.js: 3.2s, application-code: 72ms)
[browser] Detected `scroll-behavior: smooth` on the `<html>` element. To disable smooth scrolling during route transitions, add `data-scroll-behavior="smooth"` to your <html> element. Learn more: https://nextjs.org/docs/messages/missing-data-scroll-behavior
 GET /accounts 200 in 2.3s (next.js: 2.2s, application-code: 54ms)
 GET /dashboard 200 in 41ms (next.js: 5ms, application-code: 36ms)
 GET /dashboard 200 in 49ms (next.js: 5ms, application-code: 44ms)
 GET /transfer 200 in 33ms (next.js: 4ms, application-code: 29ms)
 GET /dashboard 200 in 37ms (next.js: 4ms, application-code: 33ms)
 GET /login 200 in 557ms (next.js: 121ms, application-code: 436ms)
 GET /manifest.json 404 in 90ms (next.js: 6ms, application-code: 85ms)
 GET /dashboard 200 in 39ms (next.js: 4ms, application-code: 35ms)
[browser] Detected `scroll-behavior: smooth` on the `<html>` element. To disable smooth scrolling during route transitions, add `data-scroll-behavior="smooth"` to your <html> element. Learn more: https://nextjs.org/docs/messages/missing-data-scroll-behavior
 GET /transfer 200 in 59ms (next.js: 10ms, application-code: 48ms)
 GET /dashboard 200 in 254ms (next.js: 139ms, application-code: 115ms)
 GET /dashboard 200 in 44ms (next.js: 4ms, application-code: 40ms)
 GET /dashboard 200 in 183ms (next.js: 127ms, application-code: 56ms)
 GET /dashboard 200 in 44ms (next.js: 4ms, application-code: 40ms)
 GET /dashboard 200 in 47ms (next.js: 5ms, application-code: 42ms)
 GET /dashboard 200 in 18ms (next.js: 7ms, application-code: 12ms)
 GET /dashboard 200 in 60ms (next.js: 5ms, application-code: 55ms)
 GET /dashboard 200 in 83ms (next.js: 9ms, application-code: 74ms)
 GET /transfer 200 in 390ms (next.js: 246ms, application-code: 144ms)
 GET /transfer 200 in 469ms (next.js: 4ms, application-code: 465ms)
 GET /manifest.json 404 in 99ms (next.js: 25ms, application-code: 74ms)
Failed to proxy http://localhost:3001/api/v1/notifications/unread-count AggregateError: 
    at ignore-listed frames {
  code: 'ECONNREFUSED',
  [errors]: [
    Error: connect ECONNREFUSED ::1:3001
        at <unknown> (Error: connect ECONNREFUSED ::1:3001) {
      errno: -4078,
      code: 'ECONNREFUSED',
      syscall: 'connect',
      address: '::1',
      port: 3001
    },
    Error: connect ECONNREFUSED 127.0.0.1:3001
        at <unknown> (Error: connect ECONNREFUSED 127.0.0.1:3001) {
      errno: -4078,
      code: 'ECONNREFUSED',
      syscall: 'connect',
      address: '127.0.0.1',
      port: 3001
    }
  ]
}
AggregateError: 
    at ignore-listed frames {
  code: 'ECONNREFUSED',
  [errors]: [
    Error: connect ECONNREFUSED ::1:3001
        at <unknown> (Error: connect ECONNREFUSED ::1:3001) {
      errno: -4078,
      code: 'ECONNREFUSED',
      syscall: 'connect',
      address: '::1',
      port: 3001
    },
    Error: connect ECONNREFUSED 127.0.0.1:3001
        at <unknown> (Error: connect ECONNREFUSED 127.0.0.1:3001) {
      errno: -4078,
      code: 'ECONNREFUSED',
      syscall: 'connect',
      address: '127.0.0.1',
      port: 3001
    }
  ]
}
Failed to proxy http://localhost:3001/api/v1/beneficiaries AggregateError: 
    at ignore-listed frames {
  code: 'ECONNREFUSED',
  [errors]: [
    Error: connect ECONNREFUSED ::1:3001
        at <unknown> (Error: connect ECONNREFUSED ::1:3001) {
      errno: -4078,
      code: 'ECONNREFUSED',
      syscall: 'connect',
      address: '::1',
      port: 3001
    },
    Error: connect ECONNREFUSED 127.0.0.1:3001
        at <unknown> (Error: connect ECONNREFUSED 127.0.0.1:3001) {
      errno: -4078,
      code: 'ECONNREFUSED',
      syscall: 'connect',
      address: '127.0.0.1',
      port: 3001
    }
  ]
}
AggregateError: 
    at ignore-listed frames {
  code: 'ECONNREFUSED',
  [errors]: [
    Error: connect ECONNREFUSED ::1:3001
        at <unknown> (Error: connect ECONNREFUSED ::1:3001) {
      errno: -4078,
      code: 'ECONNREFUSED',
      syscall: 'connect',
      address: '::1',
      port: 3001
    },
    Error: connect ECONNREFUSED 127.0.0.1:3001
        at <unknown> (Error: connect ECONNREFUSED 127.0.0.1:3001) {
      errno: -4078,
      code: 'ECONNREFUSED',
      syscall: 'connect',
      address: '127.0.0.1',
      port: 3001
    }
  ]
}
Failed to proxy http://localhost:3001/api/v1/accounts AggregateError: 
    at ignore-listed frames {
  code: 'ECONNREFUSED',
  [errors]: [
    Error: connect ECONNREFUSED ::1:3001
        at <unknown> (Error: connect ECONNREFUSED ::1:3001) {
      errno: -4078,
      code: 'ECONNREFUSED',
      syscall: 'connect',
      address: '::1',
      port: 3001
    },
    Error: connect ECONNREFUSED 127.0.0.1:3001
        at <unknown> (Error: connect ECONNREFUSED 127.0.0.1:3001) {
      errno: -4078,
      code: 'ECONNREFUSED',
      syscall: 'connect',
      address: '127.0.0.1',
      port: 3001
    }
  ]
}
AggregateError: 
    at ignore-listed frames {
  code: 'ECONNREFUSED',
  [errors]: [
    Error: connect ECONNREFUSED ::1:3001
        at <unknown> (Error: connect ECONNREFUSED ::1:3001) {
      errno: -4078,
      code: 'ECONNREFUSED',
      syscall: 'connect',
      address: '::1',
      port: 3001
    },
    Error: connect ECONNREFUSED 127.0.0.1:3001
        at <unknown> (Error: connect ECONNREFUSED 127.0.0.1:3001) {
      errno: -4078,
      code: 'ECONNREFUSED',
      syscall: 'connect',
      address: '127.0.0.1',
      port: 3001
    }
  ]
}
 GET /dashboard 200 in 41ms (next.js: 6ms, application-code: 36ms)
[browser] Detected `scroll-behavior: smooth` on the `<html>` element. To disable smooth scrolling during route transitions, add `data-scroll-behavior="smooth"` to your <html> element. Learn more: https://nextjs.org/docs/messages/missing-data-scroll-behavior
Failed to proxy http://localhost:3001/api/v1/accounts AggregateError: 
    at ignore-listed frames {
  code: 'ECONNREFUSED',
  [errors]: [
    Error: connect ECONNREFUSED ::1:3001
        at <unknown> (Error: connect ECONNREFUSED ::1:3001) {
      errno: -4078,
      code: 'ECONNREFUSED',
      syscall: 'connect',
      address: '::1',
      port: 3001
    },
    Error: connect ECONNREFUSED 127.0.0.1:3001
        at <unknown> (Error: connect ECONNREFUSED 127.0.0.1:3001) {
      errno: -4078,
      code: 'ECONNREFUSED',
      syscall: 'connect',
      address: '127.0.0.1',
      port: 3001
    }
  ]
}
AggregateError: 
    at ignore-listed frames {
  code: 'ECONNREFUSED',
  [errors]: [
    Error: connect ECONNREFUSED ::1:3001
        at <unknown> (Error: connect ECONNREFUSED ::1:3001) {
      errno: -4078,
      code: 'ECONNREFUSED',
      syscall: 'connect',
      address: '::1',
      port: 3001
    },
    Error: connect ECONNREFUSED 127.0.0.1:3001
        at <unknown> (Error: connect ECONNREFUSED 127.0.0.1:3001) {
      errno: -4078,
      code: 'ECONNREFUSED',
      syscall: 'connect',
      address: '127.0.0.1',
      port: 3001
    }
  ]
}
Failed to proxy http://localhost:3001/api/v1/goals AggregateError: 
    at ignore-listed frames {
  code: 'ECONNREFUSED',
  [errors]: [
    Error: connect ECONNREFUSED ::1:3001
        at <unknown> (Error: connect ECONNREFUSED ::1:3001) {
      errno: -4078,
      code: 'ECONNREFUSED',
      syscall: 'connect',
      address: '::1',
      port: 3001
    },
    Error: connect ECONNREFUSED 127.0.0.1:3001
        at <unknown> (Error: connect ECONNREFUSED 127.0.0.1:3001) {
      errno: -4078,
      code: 'ECONNREFUSED',
      syscall: 'connect',
      address: '127.0.0.1',
      port: 3001
    }
  ]
}
AggregateError: 
    at ignore-listed frames {
  code: 'ECONNREFUSED',
  [errors]: [
    Error: connect ECONNREFUSED ::1:3001
        at <unknown> (Error: connect ECONNREFUSED ::1:3001) {
      errno: -4078,
      code: 'ECONNREFUSED',
      syscall: 'connect',
      address: '::1',
      port: 3001
    },
    Error: connect ECONNREFUSED 127.0.0.1:3001
        at <unknown> (Error: connect ECONNREFUSED 127.0.0.1:3001) {
      errno: -4078,
      code: 'ECONNREFUSED',
      syscall: 'connect',
      address: '127.0.0.1',
      port: 3001
    }
  ]
}
Failed to proxy http://localhost:3001/api/v1/transactions?limit=5 AggregateError: 
    at ignore-listed frames {
  code: 'ECONNREFUSED',
  [errors]: [
    Error: connect ECONNREFUSED ::1:3001
        at <unknown> (Error: connect ECONNREFUSED ::1:3001) {
      errno: -4078,
      code: 'ECONNREFUSED',
      syscall: 'connect',
      address: '::1',
      port: 3001
    },
    Error: connect ECONNREFUSED 127.0.0.1:3001
        at <unknown> (Error: connect ECONNREFUSED 127.0.0.1:3001) {
      errno: -4078,
      code: 'ECONNREFUSED',
      syscall: 'connect',
      address: '127.0.0.1',
      port: 3001
    }
  ]
}
AggregateError: 
    at ignore-listed frames {
  code: 'ECONNREFUSED',
  [errors]: [
    Error: connect ECONNREFUSED ::1:3001
        at <unknown> (Error: connect ECONNREFUSED ::1:3001) {
      errno: -4078,
      code: 'ECONNREFUSED',
      syscall: 'connect',
      address: '::1',
      port: 3001
    },
    Error: connect ECONNREFUSED 127.0.0.1:3001
        at <unknown> (Error: connect ECONNREFUSED 127.0.0.1:3001) {
      errno: -4078,
      code: 'ECONNREFUSED',
      syscall: 'connect',
      address: '127.0.0.1',
      port: 3001
    }
  ]
}
 GET /dashboard 200 in 146ms (next.js: 5ms, application-code: 141ms)
 GET /manifest.json 404 in 78ms (next.js: 9ms, application-code: 70ms)
Failed to proxy http://localhost:3001/api/v1/notifications/unread-count AggregateError: 
    at ignore-listed frames {
  code: 'ECONNREFUSED',
  [errors]: [
    Error: connect ECONNREFUSED ::1:3001
        at <unknown> (Error: connect ECONNREFUSED ::1:3001) {
      errno: -4078,
      code: 'ECONNREFUSED',
      syscall: 'connect',
      address: '::1',
      port: 3001
    },
    Error: connect ECONNREFUSED 127.0.0.1:3001
        at <unknown> (Error: connect ECONNREFUSED 127.0.0.1:3001) {
      errno: -4078,
      code: 'ECONNREFUSED',
      syscall: 'connect',
      address: '127.0.0.1',
      port: 3001
    }
  ]
}
AggregateError: 
    at ignore-listed frames {
  code: 'ECONNREFUSED',
  [errors]: [
    Error: connect ECONNREFUSED ::1:3001
        at <unknown> (Error: connect ECONNREFUSED ::1:3001) {
      errno: -4078,
      code: 'ECONNREFUSED',
      syscall: 'connect',
      address: '::1',
      port: 3001
    },
    Error: connect ECONNREFUSED 127.0.0.1:3001
        at <unknown> (Error: connect ECONNREFUSED 127.0.0.1:3001) {
      errno: -4078,
      code: 'ECONNREFUSED',
      syscall: 'connect',
      address: '127.0.0.1',
      port: 3001
    }
  ]
}
Failed to proxy http://localhost:3001/api/v1/accounts AggregateError: 
    at ignore-listed frames {
  code: 'ECONNREFUSED',
  [errors]: [
    Error: connect ECONNREFUSED ::1:3001
        at <unknown> (Error: connect ECONNREFUSED ::1:3001) {
      errno: -4078,
      code: 'ECONNREFUSED',
      syscall: 'connect',
      address: '::1',
      port: 3001
    },
    Error: connect ECONNREFUSED 127.0.0.1:3001
        at <unknown> (Error: connect ECONNREFUSED 127.0.0.1:3001) {
      errno: -4078,
      code: 'ECONNREFUSED',
      syscall: 'connect',
      address: '127.0.0.1',
      port: 3001
    }
  ]
}
AggregateError: 
    at ignore-listed frames {
  code: 'ECONNREFUSED',
  [errors]: [
    Error: connect ECONNREFUSED ::1:3001
        at <unknown> (Error: connect ECONNREFUSED ::1:3001) {
      errno: -4078,
      code: 'ECONNREFUSED',
      syscall: 'connect',
      address: '::1',
      port: 3001
    },
    Error: connect ECONNREFUSED 127.0.0.1:3001
        at <unknown> (Error: connect ECONNREFUSED 127.0.0.1:3001) {
      errno: -4078,
      code: 'ECONNREFUSED',
      syscall: 'connect',
      address: '127.0.0.1',
      port: 3001
    }
  ]
}
Failed to proxy http://localhost:3001/api/v1/transactions?limit=5 AggregateError: 
    at ignore-listed frames {
  code: 'ECONNREFUSED',
  [errors]: [
    Error: connect ECONNREFUSED ::1:3001
        at <unknown> (Error: connect ECONNREFUSED ::1:3001) {
      errno: -4078,
      code: 'ECONNREFUSED',
      syscall: 'connect',
      address: '::1',
      port: 3001
    },
    Error: connect ECONNREFUSED 127.0.0.1:3001
        at <unknown> (Error: connect ECONNREFUSED 127.0.0.1:3001) {
      errno: -4078,
      code: 'ECONNREFUSED',
      syscall: 'connect',
      address: '127.0.0.1',
      port: 3001
    }
  ]
}
AggregateError: 
    at ignore-listed frames {
  code: 'ECONNREFUSED',
  [errors]: [
    Error: connect ECONNREFUSED ::1:3001
        at <unknown> (Error: connect ECONNREFUSED ::1:3001) {
      errno: -4078,
      code: 'ECONNREFUSED',
      syscall: 'connect',
      address: '::1',
      port: 3001
    },
    Error: connect ECONNREFUSED 127.0.0.1:3001
        at <unknown> (Error: connect ECONNREFUSED 127.0.0.1:3001) {
      errno: -4078,
      code: 'ECONNREFUSED',
      syscall: 'connect',
      address: '127.0.0.1',
      port: 3001
    }
  ]
}
Failed to proxy http://localhost:3001/api/v1/goals AggregateError: 
    at ignore-listed frames {
  code: 'ECONNREFUSED',
  [errors]: [
    Error: connect ECONNREFUSED ::1:3001
        at <unknown> (Error: connect ECONNREFUSED ::1:3001) {
      errno: -4078,
      code: 'ECONNREFUSED',
      syscall: 'connect',
      address: '::1',
      port: 3001
    },
    Error: connect ECONNREFUSED 127.0.0.1:3001
        at <unknown> (Error: connect ECONNREFUSED 127.0.0.1:3001) {
      errno: -4078,
      code: 'ECONNREFUSED',
      syscall: 'connect',
      address: '127.0.0.1',
      port: 3001
    }
  ]
}
AggregateError: 
    at ignore-listed frames {
  code: 'ECONNREFUSED',
  [errors]: [
    Error: connect ECONNREFUSED ::1:3001
        at <unknown> (Error: connect ECONNREFUSED ::1:3001) {
      errno: -4078,
      code: 'ECONNREFUSED',
      syscall: 'connect',
      address: '::1',
      port: 3001
    },
    Error: connect ECONNREFUSED 127.0.0.1:3001
        at <unknown> (Error: connect ECONNREFUSED 127.0.0.1:3001) {
      errno: -4078,
      code: 'ECONNREFUSED',
      syscall: 'connect',
      address: '127.0.0.1',
      port: 3001
    }
  ]
}
 GET /dashboard 200 in 117ms (next.js: 4ms, application-code: 113ms)
 GET /manifest.json 404 in 69ms (next.js: 7ms, application-code: 62ms)
Failed to proxy http://localhost:3001/api/v1/notifications/unread-count AggregateError: 
    at ignore-listed frames {
  code: 'ECONNREFUSED',
  [errors]: [
    Error: connect ECONNREFUSED ::1:3001
        at <unknown> (Error: connect ECONNREFUSED ::1:3001) {
      errno: -4078,
      code: 'ECONNREFUSED',
      syscall: 'connect',
      address: '::1',
      port: 3001
    },
    Error: connect ECONNREFUSED 127.0.0.1:3001
        at <unknown> (Error: connect ECONNREFUSED 127.0.0.1:3001) {
      errno: -4078,
      code: 'ECONNREFUSED',
      syscall: 'connect',
      address: '127.0.0.1',
      port: 3001
    }
  ]
}
AggregateError: 
    at ignore-listed frames {
  code: 'ECONNREFUSED',
  [errors]: [
    Error: connect ECONNREFUSED ::1:3001
        at <unknown> (Error: connect ECONNREFUSED ::1:3001) {
      errno: -4078,
      code: 'ECONNREFUSED',
      syscall: 'connect',
      address: '::1',
      port: 3001
    },
    Error: connect ECONNREFUSED 127.0.0.1:3001
        at <unknown> (Error: connect ECONNREFUSED 127.0.0.1:3001) {
      errno: -4078,
      code: 'ECONNREFUSED',
      syscall: 'connect',
      address: '127.0.0.1',
      port: 3001
    }
  ]
}
Failed to proxy http://localhost:3001/api/v1/accounts AggregateError: 
    at ignore-listed frames {
  code: 'ECONNREFUSED',
  [errors]: [
    Error: connect ECONNREFUSED ::1:3001
        at <unknown> (Error: connect ECONNREFUSED ::1:3001) {
      errno: -4078,
      code: 'ECONNREFUSED',
      syscall: 'connect',
      address: '::1',
      port: 3001
    },
    Error: connect ECONNREFUSED 127.0.0.1:3001
        at <unknown> (Error: connect ECONNREFUSED 127.0.0.1:3001) {
      errno: -4078,
      code: 'ECONNREFUSED',
      syscall: 'connect',
      address: '127.0.0.1',
      port: 3001
    }
  ]
}
AggregateError: 
    at ignore-listed frames {
  code: 'ECONNREFUSED',
  [errors]: [
    Error: connect ECONNREFUSED ::1:3001
        at <unknown> (Error: connect ECONNREFUSED ::1:3001) {
      errno: -4078,
      code: 'ECONNREFUSED',
      syscall: 'connect',
      address: '::1',
      port: 3001
    },
    Error: connect ECONNREFUSED 127.0.0.1:3001
        at <unknown> (Error: connect ECONNREFUSED 127.0.0.1:3001) {
      errno: -4078,
      code: 'ECONNREFUSED',
      syscall: 'connect',
      address: '127.0.0.1',
      port: 3001
    }
  ]
}
Failed to proxy http://localhost:3001/api/v1/transactions?limit=5 AggregateError: 
    at ignore-listed frames {
  code: 'ECONNREFUSED',
  [errors]: [
    Error: connect ECONNREFUSED ::1:3001
        at <unknown> (Error: connect ECONNREFUSED ::1:3001) {
      errno: -4078,
      code: 'ECONNREFUSED',
      syscall: 'connect',
      address: '::1',
      port: 3001
    },
    Error: connect ECONNREFUSED 127.0.0.1:3001
        at <unknown> (Error: connect ECONNREFUSED 127.0.0.1:3001) {
      errno: -4078,
      code: 'ECONNREFUSED',
      syscall: 'connect',
      address: '127.0.0.1',
      port: 3001
    }
  ]
}
AggregateError: 
    at ignore-listed frames {
  code: 'ECONNREFUSED',
  [errors]: [
    Error: connect ECONNREFUSED ::1:3001
        at <unknown> (Error: connect ECONNREFUSED ::1:3001) {
      errno: -4078,
      code: 'ECONNREFUSED',
      syscall: 'connect',
      address: '::1',
      port: 3001
    },
    Error: connect ECONNREFUSED 127.0.0.1:3001
        at <unknown> (Error: connect ECONNREFUSED 127.0.0.1:3001) {
      errno: -4078,
      code: 'ECONNREFUSED',
      syscall: 'connect',
      address: '127.0.0.1',
      port: 3001
    }
  ]
}
Failed to proxy http://localhost:3001/api/v1/goals AggregateError: 
    at ignore-listed frames {
  code: 'ECONNREFUSED',
  [errors]: [
    Error: connect ECONNREFUSED ::1:3001
        at <unknown> (Error: connect ECONNREFUSED ::1:3001) {
      errno: -4078,
      code: 'ECONNREFUSED',
      syscall: 'connect',
      address: '::1',
      port: 3001
    },
    Error: connect ECONNREFUSED 127.0.0.1:3001
        at <unknown> (Error: connect ECONNREFUSED 127.0.0.1:3001) {
      errno: -4078,
      code: 'ECONNREFUSED',
      syscall: 'connect',
      address: '127.0.0.1',
      port: 3001
    }
  ]
}
AggregateError: 
    at ignore-listed frames {
  code: 'ECONNREFUSED',
  [errors]: [
    Error: connect ECONNREFUSED ::1:3001
        at <unknown> (Error: connect ECONNREFUSED ::1:3001) {
      errno: -4078,
      code: 'ECONNREFUSED',
      syscall: 'connect',
      address: '::1',
      port: 3001
    },
    Error: connect ECONNREFUSED 127.0.0.1:3001
        at <unknown> (Error: connect ECONNREFUSED 127.0.0.1:3001) {
      errno: -4078,
      code: 'ECONNREFUSED',
      syscall: 'connect',
      address: '127.0.0.1',
      port: 3001
    }
  ]
}
 GET /login 200 in 530ms (next.js: 27ms, application-code: 502ms)
 GET /apple-touch-icon.png 404 in 244ms (next.js: 49ms, application-code: 194ms)
 GET /apple-touch-icon-precomposed.png 404 in 246ms (next.js: 15ms, application-code: 232ms)
 GET /login 200 in 335ms (next.js: 13ms, application-code: 323ms)
 GET /apple-touch-icon-120x120-precomposed.png 404 in 85ms (next.js: 6ms, application-code: 78ms)
 GET /apple-touch-icon-120x120.png 404 in 64ms (next.js: 6ms, application-code: 58ms)
 GET /apple-touch-icon-precomposed.png 404 in 60ms (next.js: 6ms, application-code: 54ms)
 GET /apple-touch-icon.png 404 in 61ms (next.js: 6ms, application-code: 55ms)
 GET / 200 in 181ms (next.js: 47ms, application-code: 135ms)
 GET / 200 in 96ms (next.js: 5ms, application-code: 91ms)
 GET /manifest.json 404 in 73ms (next.js: 13ms, application-code: 60ms)
 GET /login 200 in 49ms (next.js: 5ms, application-code: 44ms)
[browser] Detected `scroll-behavior: smooth` on the `<html>` element. To disable smooth scrolling during route transitions, add `data-scroll-behavior="smooth"` to your <html> element. Learn more: https://nextjs.org/docs/messages/missing-data-scroll-behavior
Failed to proxy http://localhost:3001/api/v1/auth/login AggregateError: 
    at ignore-listed frames {
  code: 'ECONNREFUSED',
  [errors]: [
    Error: connect ECONNREFUSED ::1:3001
        at <unknown> (Error: connect ECONNREFUSED ::1:3001) {
      errno: -4078,
      code: 'ECONNREFUSED',
      syscall: 'connect',
      address: '::1',
      port: 3001
    },
    Error: connect ECONNREFUSED 127.0.0.1:3001
        at <unknown> (Error: connect ECONNREFUSED 127.0.0.1:3001) {
      errno: -4078,
      code: 'ECONNREFUSED',
      syscall: 'connect',
      address: '127.0.0.1',
      port: 3001
    }
  ]
}
AggregateError: 
    at ignore-listed frames {
  code: 'ECONNREFUSED',
  [errors]: [
    Error: connect ECONNREFUSED ::1:3001
        at <unknown> (Error: connect ECONNREFUSED ::1:3001) {
      errno: -4078,
      code: 'ECONNREFUSED',
      syscall: 'connect',
      address: '::1',
      port: 3001
    },
    Error: connect ECONNREFUSED 127.0.0.1:3001
        at <unknown> (Error: connect ECONNREFUSED 127.0.0.1:3001) {
      errno: -4078,
      code: 'ECONNREFUSED',
      syscall: 'connect',
      address: '127.0.0.1',
      port: 3001
    }
  ]
}
Failed to proxy http://localhost:3001/api/v1/auth/login AggregateError: 
    at ignore-listed frames {
  code: 'ECONNREFUSED',
  [errors]: [
    Error: connect ECONNREFUSED ::1:3001
        at <unknown> (Error: connect ECONNREFUSED ::1:3001) {
      errno: -4078,
      code: 'ECONNREFUSED',
      syscall: 'connect',
      address: '::1',
      port: 3001
    },
    Error: connect ECONNREFUSED 127.0.0.1:3001
        at <unknown> (Error: connect ECONNREFUSED 127.0.0.1:3001) {
      errno: -4078,
      code: 'ECONNREFUSED',
      syscall: 'connect',
      address: '127.0.0.1',
      port: 3001
    }
  ]
}
AggregateError: 
    at ignore-listed frames {
  code: 'ECONNREFUSED',
  [errors]: [
    Error: connect ECONNREFUSED ::1:3001
        at <unknown> (Error: connect ECONNREFUSED ::1:3001) {
      errno: -4078,
      code: 'ECONNREFUSED',
      syscall: 'connect',
      address: '::1',
      port: 3001
    },
    Error: connect ECONNREFUSED 127.0.0.1:3001
        at <unknown> (Error: connect ECONNREFUSED 127.0.0.1:3001) {
      errno: -4078,
      code: 'ECONNREFUSED',
      syscall: 'connect',
      address: '127.0.0.1',
      port: 3001
    }
  ]
}
Failed to proxy http://localhost:3001/api/v1/auth/login AggregateError: 
    at ignore-listed frames {
  code: 'ECONNREFUSED',
  [errors]: [
    Error: connect ECONNREFUSED ::1:3001
        at <unknown> (Error: connect ECONNREFUSED ::1:3001) {
      errno: -4078,
      code: 'ECONNREFUSED',
      syscall: 'connect',
      address: '::1',
      port: 3001
    },
    Error: connect ECONNREFUSED 127.0.0.1:3001
        at <unknown> (Error: connect ECONNREFUSED 127.0.0.1:3001) {
      errno: -4078,
      code: 'ECONNREFUSED',
      syscall: 'connect',
      address: '127.0.0.1',
      port: 3001
    }
  ]
}
AggregateError: 
    at ignore-listed frames {
  code: 'ECONNREFUSED',
  [errors]: [
    Error: connect ECONNREFUSED ::1:3001
        at <unknown> (Error: connect ECONNREFUSED ::1:3001) {
      errno: -4078,
      code: 'ECONNREFUSED',
      syscall: 'connect',
      address: '::1',
      port: 3001
    },
    Error: connect ECONNREFUSED 127.0.0.1:3001
        at <unknown> (Error: connect ECONNREFUSED 127.0.0.1:3001) {
      errno: -4078,
      code: 'ECONNREFUSED',
      syscall: 'connect',
      address: '127.0.0.1',
      port: 3001
    }
  ]
}
Failed to proxy http://localhost:3001/api/v1/auth/login AggregateError: 
    at ignore-listed frames {
  code: 'ECONNREFUSED',
  [errors]: [
    Error: connect ECONNREFUSED ::1:3001
        at <unknown> (Error: connect ECONNREFUSED ::1:3001) {
      errno: -4078,
      code: 'ECONNREFUSED',
      syscall: 'connect',
      address: '::1',
      port: 3001
    },
    Error: connect ECONNREFUSED 127.0.0.1:3001
        at <unknown> (Error: connect ECONNREFUSED 127.0.0.1:3001) {
      errno: -4078,
      code: 'ECONNREFUSED',
      syscall: 'connect',
      address: '127.0.0.1',
      port: 3001
    }
  ]
}
AggregateError: 
    at ignore-listed frames {
  code: 'ECONNREFUSED',
  [errors]: [
    Error: connect ECONNREFUSED ::1:3001
        at <unknown> (Error: connect ECONNREFUSED ::1:3001) {
      errno: -4078,
      code: 'ECONNREFUSED',
      syscall: 'connect',
      address: '::1',
      port: 3001
    },
    Error: connect ECONNREFUSED 127.0.0.1:3001
        at <unknown> (Error: connect ECONNREFUSED 127.0.0.1:3001) {
      errno: -4078,
      code: 'ECONNREFUSED',
      syscall: 'connect',
      address: '127.0.0.1',
      port: 3001
    }
  ]
}
Failed to proxy http://localhost:3001/api/v1/auth/login AggregateError: 
    at ignore-listed frames {
  code: 'ECONNREFUSED',
  [errors]: [
    Error: connect ECONNREFUSED ::1:3001
        at <unknown> (Error: connect ECONNREFUSED ::1:3001) {
      errno: -4078,
      code: 'ECONNREFUSED',
      syscall: 'connect',
      address: '::1',
      port: 3001
    },
    Error: connect ECONNREFUSED 127.0.0.1:3001
        at <unknown> (Error: connect ECONNREFUSED 127.0.0.1:3001) {
      errno: -4078,
      code: 'ECONNREFUSED',
      syscall: 'connect',
      address: '127.0.0.1',
      port: 3001
    }
  ]
}
AggregateError: 
    at ignore-listed frames {
  code: 'ECONNREFUSED',
  [errors]: [
    Error: connect ECONNREFUSED ::1:3001
        at <unknown> (Error: connect ECONNREFUSED ::1:3001) {
      errno: -4078,
      code: 'ECONNREFUSED',
      syscall: 'connect',
      address: '::1',
      port: 3001
    },
    Error: connect ECONNREFUSED 127.0.0.1:3001
        at <unknown> (Error: connect ECONNREFUSED 127.0.0.1:3001) {
      errno: -4078,
      code: 'ECONNREFUSED',
      syscall: 'connect',
      address: '127.0.0.1',
      port: 3001
    }
  ]
}
Failed to proxy http://localhost:3001/api/v1/auth/login AggregateError: 
    at ignore-listed frames {
  code: 'ECONNREFUSED',
  [errors]: [
    Error: connect ECONNREFUSED ::1:3001
        at <unknown> (Error: connect ECONNREFUSED ::1:3001) {
      errno: -4078,
      code: 'ECONNREFUSED',
      syscall: 'connect',
      address: '::1',
      port: 3001
    },
    Error: connect ECONNREFUSED 127.0.0.1:3001
        at <unknown> (Error: connect ECONNREFUSED 127.0.0.1:3001) {
      errno: -4078,
      code: 'ECONNREFUSED',
      syscall: 'connect',
      address: '127.0.0.1',
      port: 3001
    }
  ]
}
AggregateError: 
    at ignore-listed frames {
  code: 'ECONNREFUSED',
  [errors]: [
    Error: connect ECONNREFUSED ::1:3001
        at <unknown> (Error: connect ECONNREFUSED ::1:3001) {
      errno: -4078,
      code: 'ECONNREFUSED',
      syscall: 'connect',
      address: '::1',
      port: 3001
    },
    Error: connect ECONNREFUSED 127.0.0.1:3001
        at <unknown> (Error: connect ECONNREFUSED 127.0.0.1:3001) {
      errno: -4078,
      code: 'ECONNREFUSED',
      syscall: 'connect',
      address: '127.0.0.1',
      port: 3001
    }
  ]
}
 GET /login 200 in 129ms (next.js: 5ms, application-code: 124ms)
 GET /manifest.json 404 in 126ms (next.js: 26ms, application-code: 101ms)
Failed to proxy http://localhost:3001/api/v1/auth/login AggregateError: 
    at ignore-listed frames {
  code: 'ECONNREFUSED',
  [errors]: [
    Error: connect ECONNREFUSED ::1:3001
        at <unknown> (Error: connect ECONNREFUSED ::1:3001) {
      errno: -4078,
      code: 'ECONNREFUSED',
      syscall: 'connect',
      address: '::1',
      port: 3001
    },
    Error: connect ECONNREFUSED 127.0.0.1:3001
        at <unknown> (Error: connect ECONNREFUSED 127.0.0.1:3001) {
      errno: -4078,
      code: 'ECONNREFUSED',
      syscall: 'connect',
      address: '127.0.0.1',
      port: 3001
    }
  ]
}
AggregateError: 
    at ignore-listed frames {
  code: 'ECONNREFUSED',
  [errors]: [
    Error: connect ECONNREFUSED ::1:3001
        at <unknown> (Error: connect ECONNREFUSED ::1:3001) {
      errno: -4078,
      code: 'ECONNREFUSED',
      syscall: 'connect',
      address: '::1',
      port: 3001
    },
    Error: connect ECONNREFUSED 127.0.0.1:3001
        at <unknown> (Error: connect ECONNREFUSED 127.0.0.1:3001) {
      errno: -4078,
      code: 'ECONNREFUSED',
      syscall: 'connect',
      address: '127.0.0.1',
      port: 3001
    }
  ]
}
 GET /dashboard 200 in 76ms (next.js: 17ms, application-code: 59ms)
[browser] Detected `scroll-behavior: smooth` on the `<html>` element. To disable smooth scrolling during route transitions, add `data-scroll-behavior="smooth"` to your <html> element. Learn more: https://nextjs.org/docs/messages/missing-data-scroll-behavior
 GET /topup 200 in 1658ms (next.js: 1610ms, application-code: 49ms)
✓ Compiled in 801ms
 GET /topup 200 in 451ms (next.js: 233ms, application-code: 218ms)
 GET /dashboard 200 in 69ms (next.js: 30ms, application-code: 39ms)
 GET /dashboard 200 in 75ms (next.js: 5ms, application-code: 69ms)
 GET /transfer 200 in 73ms (next.js: 25ms, application-code: 48ms)
 GET /dashboard 200 in 87ms (next.js: 4ms, application-code: 83ms)
 GET /dashboard 200 in 49ms (next.js: 4ms, application-code: 45ms)
 GET /transfer 200 in 36ms (next.js: 4ms, application-code: 32ms)
 GET /transfer 200 in 721ms (next.js: 171ms, application-code: 550ms)
 GET /manifest.json 404 in 132ms (next.js: 29ms, application-code: 102ms)
 GET /login 200 in 192ms (next.js: 23ms, application-code: 168ms)
 GET /manifest.json 404 in 75ms (next.js: 8ms, application-code: 68ms)
 GET /dashboard 200 in 267ms (next.js: 188ms, application-code: 80ms)
[browser] Detected `scroll-behavior: smooth` on the `<html>` element. To disable smooth scrolling during route transitions, add `data-scroll-behavior="smooth"` to your <html> element. Learn more: https://nextjs.org/docs/messages/missing-data-scroll-behavior
 GET /pay 200 in 2.5s (next.js: 2.4s, application-code: 76ms)
 GET /dashboard 200 in 291ms (next.js: 163ms, application-code: 128ms)
 GET /login 200 in 590ms (next.js: 31ms, application-code: 558ms)
 GET /manifest.json 404 in 188ms (next.js: 70ms, application-code: 118ms)
 GET /dashboard 200 in 88ms (next.js: 5ms, application-code: 83ms)
[browser] Detected `scroll-behavior: smooth` on the `<html>` element. To disable smooth scrolling during route transitions, add `data-scroll-behavior="smooth"` to your <html> element. Learn more: https://nextjs.org/docs/messages/missing-data-scroll-behavior
 GET /rates 200 in 2.4s (next.js: 2.4s, application-code: 56ms)
 GET /rates 200 in 66ms (next.js: 8ms, application-code: 59ms)
[browser] Uncaught TypeError: undefined is not an object (evaluating 'conversion.converted.toLocaleString')
    at RatesPage (src/app/(app)/rates/page.tsx:187:44)
  185 |                   <div className="text-right">
  186 |                     <span className="text-2xl font-bold text-white">
> 187 |                       {conversion.converted.toLocaleString(undefined, { minimumFractionDi...
      |                                            ^
  188 |                     </span>
  189 |                     <span className="text-sm font-normal text-white/50 ml-1">
  190 |                       {getCurrencyMeta(conversion.to).flag} {conversion.to}
 GET /login 200 in 55ms (next.js: 5ms, application-code: 49ms)
 GET /login 200 in 119ms (next.js: 9ms, application-code: 109ms)
 GET /manifest.json 404 in 117ms (next.js: 11ms, application-code: 106ms)
 GET /login 200 in 265ms (next.js: 127ms, application-code: 138ms)
 GET /login 200 in 307ms (next.js: 157ms, application-code: 149ms)
 GET / 200 in 843ms (next.js: 188ms, application-code: 655ms)
 GET / 200 in 167ms (next.js: 10ms, application-code: 157ms)
 GET / 200 in 345ms (next.js: 6ms, application-code: 339ms)
 GET / 200 in 350ms (next.js: 93ms, application-code: 257ms)
 GET /manifest.json 404 in 378ms (next.js: 108ms, application-code: 270ms)
 GET /manifest.json 404 in 388ms (next.js: 53ms, application-code: 335ms)
 GET /login 200 in 126ms (next.js: 45ms, application-code: 81ms)
[browser] Detected `scroll-behavior: smooth` on the `<html>` element. To disable smooth scrolling during route transitions, add `data-scroll-behavior="smooth"` to your <html> element. Learn more: https://nextjs.org/docs/messages/missing-data-scroll-behavior
 GET /dashboard 200 in 100ms (next.js: 28ms, application-code: 72ms)
 GET /pay 200 in 245ms (next.js: 165ms, application-code: 80ms)
 GET /transfer 200 in 885ms (next.js: 152ms, application-code: 732ms)
 GET /profile 200 in 3.3s (next.js: 2.9s, application-code: 337ms)
 GET /beneficiaries 200 in 3.0s (next.js: 2.8s, application-code: 170ms)
 GET /transfer 200 in 212ms (next.js: 8ms, application-code: 204ms)
 GET /pay 200 in 1093ms (next.js: 404ms, application-code: 689ms)
 GET / 200 in 316ms (next.js: 23ms, application-code: 293ms)
 GET /apple-touch-icon-precomposed.png 404 in 118ms (next.js: 29ms, application-code: 89ms)
 GET /apple-touch-icon.png 404 in 81ms (next.js: 7ms, application-code: 74ms)
 GET /dashboard 200 in 116ms (next.js: 26ms, application-code: 90ms)
 GET /pay 200 in 64ms (next.js: 7ms, application-code: 57ms)
 GET /cards 200 in 283ms (next.js: 202ms, application-code: 81ms)
 GET /cards 200 in 66ms (next.js: 6ms, application-code: 60ms)
 GET /dashboard 200 in 45ms (next.js: 4ms, application-code: 41ms)
 GET /dashboard 200 in 59ms (next.js: 4ms, application-code: 55ms)
 GET /pay 200 in 732ms (next.js: 192ms, application-code: 539ms)
 GET /dashboard 200 in 227ms (next.js: 26ms, application-code: 202ms)
 GET /manifest.json 404 in 129ms (next.js: 36ms, application-code: 93ms)
 GET /login 200 in 308ms (next.js: 26ms, application-code: 282ms)
 GET /manifest.json 404 in 145ms (next.js: 11ms, application-code: 134ms)
 GET /dashboard 200 in 43ms (next.js: 6ms, application-code: 37ms)
[browser] Detected `scroll-behavior: smooth` on the `<html>` element. To disable smooth scrolling during route transitions, add `data-scroll-behavior="smooth"` to your <html> element. Learn more: https://nextjs.org/docs/messages/missing-data-scroll-behavior
 GET /pay 200 in 47ms (next.js: 7ms, application-code: 40ms)
 GET /pay 200 in 47ms (next.js: 6ms, application-code: 42ms)
 GET /topup 200 in 324ms (next.js: 218ms, application-code: 105ms)
 GET /topup 200 in 75ms (next.js: 9ms, application-code: 65ms)
 GET /topup 200 in 744ms (next.js: 39ms, application-code: 705ms)
 GET /manifest.json 404 in 120ms (next.js: 11ms, application-code: 109ms)
[browser] ⨯ unhandledRejection: AxiosError: Request failed with status code 401
 GET /login 200 in 359ms (next.js: 12ms, application-code: 347ms)
 GET /manifest.json 404 in 110ms (next.js: 14ms, application-code: 96ms)
 GET /dashboard 200 in 79ms (next.js: 15ms, application-code: 65ms)
[browser] Detected `scroll-behavior: smooth` on the `<html>` element. To disable smooth scrolling during route transitions, add `data-scroll-behavior="smooth"` to your <html> element. Learn more: https://nextjs.org/docs/messages/missing-data-scroll-behavior
 GET /manifest.json 404 in 74ms (next.js: 8ms, application-code: 66ms)
 GET /dashboard 200 in 116ms (next.js: 5ms, application-code: 110ms)
 GET /manifest.json 404 in 120ms (next.js: 8ms, application-code: 113ms)
 GET /login 200 in 106ms (next.js: 5ms, application-code: 101ms)
 GET /manifest.json 404 in 82ms (next.js: 8ms, application-code: 73ms)
 GET /dashboard 200 in 59ms (next.js: 6ms, application-code: 53ms)
[browser] Detected `scroll-behavior: smooth` on the `<html>` element. To disable smooth scrolling during route transitions, add `data-scroll-behavior="smooth"` to your <html> element. Learn more: https://nextjs.org/docs/messages/missing-data-scroll-behavior
⚠ Found a change in next.config.ts. Restarting the server to apply the changes...
▲ Next.js 16.2.10 (Turbopack)
- Local:         http://localhost:3000
- Network:       http://192.168.5.9:3000
- Environments: .env.local
✓ Ready in 1406ms

⚠ Blocked cross-origin request to Next.js dev resource /_next/webpack-hmr from "192.168.5.9".
Cross-origin access to Next.js dev resources is blocked by default for safety.

To allow this host in development, add it to "allowedDevOrigins" in next.config.js and restart the dev server:

// next.config.js
module.exports = {
  allowedDevOrigins: ['192.168.5.9'],
}

Read more: https://nextjs.org/docs/app/api-reference/config/next-config-js/allowedDevOrigins
 GET /dashboard 200 in 901ms (next.js: 336ms, application-code: 565ms)
 GET /manifest.json 404 in 137ms (next.js: 53ms, application-code: 84ms)
  Reload env: .env.local
 GET /transfer 200 in 636ms (next.js: 174ms, application-code: 462ms)
 GET /manifest.json 404 in 90ms (next.js: 15ms, application-code: 75ms)
 GET /dashboard 200 in 143ms (next.js: 14ms, application-code: 129ms)
 GET /manifest.json 404 in 79ms (next.js: 10ms, application-code: 70ms)
 GET /dashboard 200 in 576ms (next.js: 289ms, application-code: 287ms)
 GET /manifest.json 404 in 124ms (next.js: 15ms, application-code: 109ms)
 GET /dashboard 200 in 106ms (next.js: 5ms, application-code: 101ms)
 GET /manifest.json 404 in 62ms (next.js: 7ms, application-code: 56ms)
